app/build/intermediates/manifest_merge_blame_file/debug/manifest-merger-blame-debug-report.txt
1<?xml version="1.0" encoding="utf-8"?>
2<manifest xmlns:android="http://schemas.android.com/apk/res/android"
3    package="cz.fmo_det"
4    android:versionCode="2"
5    android:versionName="2.0" >
6
7    <uses-sdk
8        android:minSdkVersion="21"
8-->src/main/AndroidManifest.xml
9        android:targetSdkVersion="29" />
9-->src/main/AndroidManifest.xml
10
11    <uses-permission android:name="android.permission.CAMERA" />
11-->src/main/AndroidManifest.xml:5:5-64
11-->src/main/AndroidManifest.xml:5:22-62
12    <uses-permission android:name="android.permission.WRITE_EXTERNAL_STORAGE" />
12-->src/main/AndroidManifest.xml:6:5-80
12-->src/main/AndroidManifest.xml:6:22-78
13
14    <uses-feature
14-->src/main/AndroidManifest.xml:8:5-10:35
15        android:name="android.hardware.camera"
15-->src/main/AndroidManifest.xml:9:9-47
16        android:required="false" />
16-->src/main/AndroidManifest.xml:10:9-33
17    <uses-feature
17-->src/main/AndroidManifest.xml:11:5-13:35
18        android:name="android.hardware.camera.autofocus"
18-->src/main/AndroidManifest.xml:12:9-57
19        android:required="false" />
19-->src/main/AndroidManifest.xml:13:9-33
20    <uses-feature
20-->src/main/AndroidManifest.xml:14:5-16:35
21        android:name="android.hardware.camera.front"
21-->src/main/AndroidManifest.xml:15:9-53
22        android:required="false" />
22-->src/main/AndroidManifest.xml:16:9-33
23    <uses-feature
23-->src/main/AndroidManifest.xml:17:5-19:35
24        android:name="android.hardware.camera.front.autofocus"
24-->src/main/AndroidManifest.xml:18:9-63
25        android:required="false" />
25-->src/main/AndroidManifest.xml:19:9-33
26    <uses-feature
26-->src/main/AndroidManifest.xml:20:5-22:34
27        android:glEsVersion="0x00020000"
27-->src/main/AndroidManifest.xml:21:9-41
28        android:required="true" />
28-->src/main/AndroidManifest.xml:22:9-32
29
30    <application
30-->src/main/AndroidManifest.xml:24:5-79:19
31        android:allowBackup="true"
31-->src/main/AndroidManifest.xml:25:9-35
32        android:debuggable="true"
33        android:fullBackupContent="@xml/backup_rules"
33-->src/main/AndroidManifest.xml:26:9-54
34        android:icon="@mipmap/fmo_ic_launcher"
34-->src/main/AndroidManifest.xml:27:9-47
35        android:label="@string/app_name"
35-->src/main/AndroidManifest.xml:28:9-41
36        android:supportsRtl="true"
36-->src/main/AndroidManifest.xml:29:9-35
37        android:theme="@style/Main" >
37-->src/main/AndroidManifest.xml:30:9-36
38        <activity
38-->src/main/AndroidManifest.xml:31:9-41:20
39            android:name="cz.fmo.RecordingActivity"
39-->src/main/AndroidManifest.xml:32:13-46
40            android:configChanges=""
40-->src/main/AndroidManifest.xml:33:13-37
41            android:label="Mobile Chronograph"
41-->src/main/AndroidManifest.xml:34:13-47
42            android:screenOrientation="landscape"
42-->src/main/AndroidManifest.xml:35:13-50
43            android:theme="@style/Recording" >
43-->src/main/AndroidManifest.xml:36:13-45
44            <intent-filter>
44-->src/main/AndroidManifest.xml:37:13-40:29
45                <action android:name="android.intent.action.MAIN" />
45-->src/main/AndroidManifest.xml:38:17-68
45-->src/main/AndroidManifest.xml:38:25-66
46
47                <category android:name="android.intent.category.LAUNCHER" />
47-->src/main/AndroidManifest.xml:39:17-76
47-->src/main/AndroidManifest.xml:39:27-74
48            </intent-filter>
49        </activity>
50        <activity
50-->src/main/AndroidManifest.xml:42:9-52:20
51            android:name="cz.fmo.BenchmarkingActivity"
51-->src/main/AndroidManifest.xml:43:13-49
52            android:configChanges="orientation|keyboardHidden|screenSize"
52-->src/main/AndroidManifest.xml:44:13-74
53            android:label="Benchmark"
53-->src/main/AndroidManifest.xml:45:13-38
54            android:screenOrientation="landscape"
54-->src/main/AndroidManifest.xml:46:13-50
55            android:theme="@style/Benchmarking" >
55-->src/main/AndroidManifest.xml:47:13-48
56            <intent-filter>
56-->src/main/AndroidManifest.xml:48:13-51:29
57                <action android:name="cz.fmo.BenchmarkingActivity" />
57-->src/main/AndroidManifest.xml:49:17-69
57-->src/main/AndroidManifest.xml:49:25-67
58
59                <category android:name="android.intent.category.DEFAULT" />
59-->src/main/AndroidManifest.xml:50:17-75
59-->src/main/AndroidManifest.xml:50:27-73
60            </intent-filter>
61        </activity>
62        <activity
62-->src/main/AndroidManifest.xml:53:9-58:46
63            android:name="cz.fmo.PlaybackActivity"
63-->src/main/AndroidManifest.xml:54:13-45
64            android:configChanges="orientation|keyboardHidden|screenSize"
64-->src/main/AndroidManifest.xml:55:13-74
65            android:label="Playback"
65-->src/main/AndroidManifest.xml:56:13-37
66            android:screenOrientation="landscape"
66-->src/main/AndroidManifest.xml:57:13-50
67            android:theme="@style/Playback" />
67-->src/main/AndroidManifest.xml:58:13-44
68        <activity
68-->src/main/AndroidManifest.xml:59:9-67:20
69            android:name="cz.fmo.SettingsActivity"
69-->src/main/AndroidManifest.xml:60:13-45
70            android:label="@string/settings"
70-->src/main/AndroidManifest.xml:61:13-45
71            android:parentActivityName="cz.fmo.RecordingActivity"
71-->src/main/AndroidManifest.xml:62:13-60
72            android:screenOrientation="landscape" >
72-->src/main/AndroidManifest.xml:63:13-50
73            <meta-data
73-->src/main/AndroidManifest.xml:64:13-66:59
74                android:name="android.support.PARENT_ACTIVITY"
74-->src/main/AndroidManifest.xml:65:17-63
75                android:value="cz.fmo.RecordingActivity" />
75-->src/main/AndroidManifest.xml:66:17-57
76        </activity>
77        <activity
77-->src/main/AndroidManifest.xml:68:9-78:20
78            android:name="com.android.grafika.PlayMovieSurfaceActivity"
78-->src/main/AndroidManifest.xml:69:13-72
79            android:configChanges="orientation|keyboardHidden|screenSize"
79-->src/main/AndroidManifest.xml:70:13-74
80            android:label="Play movie"
80-->src/main/AndroidManifest.xml:71:13-39
81            android:screenOrientation="landscape"
81-->src/main/AndroidManifest.xml:72:13-50
82            android:theme="@style/PlayMovieSurfaceActivity" >
82-->src/main/AndroidManifest.xml:73:13-60
83            <intent-filter>
83-->src/main/AndroidManifest.xml:74:13-77:29
84                <action android:name="com.android.grafika.PlayMovieSurfaceActivity" />
84-->src/main/AndroidManifest.xml:75:17-86
84-->src/main/AndroidManifest.xml:75:25-84
85
86                <category android:name="android.intent.category.DEFAULT" />
86-->src/main/AndroidManifest.xml:50:17-75
86-->src/main/AndroidManifest.xml:50:27-73
87            </intent-filter>
88        </activity>
89
90        <meta-data
90-->[com.android.support:appcompat-v7:25.4.0] AndroidManifest.xml:26:9-28:38
91            android:name="android.support.VERSION"
91-->[com.android.support:appcompat-v7:25.4.0] AndroidManifest.xml:27:13-51
92            android:value="25.4.0" />
92-->[com.android.support:appcompat-v7:25.4.0] AndroidManifest.xml:28:13-35
93    </application>
94
95</manifest>